Removed Pin From Net: NetName=LED0 Pin=LED0-2
Removed Pin From Net: NetName=LED1 Pin=LED1-2
Removed Pin From Net: NetName=LED2 Pin=LED2-2
Removed Pin From Net: NetName=3.3V Pin=R12-1
Removed Pin From Net: NetName=3.3V Pin=R14-1
Removed Pin From Net: NetName=3.3V Pin=R15-1
Added Pin To Net: NetName=3.3V Pin=LED0-1
Added Pin To Net: NetName=3.3V Pin=LED1-1
Added Pin To Net: NetName=3.3V Pin=LED2-1
Added Pin To Net: NetName=LED0 Pin=R12-2
Added Pin To Net: NetName=LED1 Pin=R14-2
Added Pin To Net: NetName=LED2 Pin=R15-2
Added Pin To Net: NetName=NetLED0_2 Pin=LED0-2
Added Pin To Net: NetName=NetLED0_2 Pin=R12-1
Added Net: Name=NetLED0_2
Added Pin To Net: NetName=NetLED1_2 Pin=LED1-2
Added Pin To Net: NetName=NetLED1_2 Pin=R14-1
Added Net: Name=NetLED1_2
Added Pin To Net: NetName=NetLED2_2 Pin=LED2-2
Added Pin To Net: NetName=NetLED2_2 Pin=R15-1
Added Net: Name=NetLED2_2
