Removed Pin From Net: NetName=5V Pin=JP1-2
Removed Pin From Net: NetName=5V Pin=JP1-3
Removed Pin From Net: NetName=5V Pin=JP1-4
Removed Pin From Net: NetName=UART1_TX Pin=JP3-1
Removed Pin From Net: NetName=UART1_TX Pin=JP3-3
Removed Pin From Net: NetName=UART1_TX Pin=JP3-4
Added Pin To Net: NetName=SWCLK Pin=JP1-2
Added Pin To Net: NetName=SWDIO Pin=JP1-3
Added Pin To Net: NetName=GND Pin=JP1-4
Added Pin To Net: NetName=5V Pin=JP3-1
Added Pin To Net: NetName=UART1_RX Pin=JP3-3
Added Pin To Net: NetName=GND Pin=JP3-4
Added Member To Class: ClassName=ELEC3300_DAP Member=Component JP3 CONN0M
Added Member To Class: ClassName=ELEC3300_DAP Member=Component LED1 LED
Added Member To Class: ClassName=ELEC3300_DAP Member=Component R6 10k
Added Member To Class: ClassName=ELEC3300_DAP Member=Component R7 10k
Added Member To Class: ClassName=ELEC3300_DAP Member=Component R8 10k
Added Member To Class: ClassName=ELEC3300_DAP Member=Component R10 10k
Added Member To Class: ClassName=ELEC3300_DAP Member=Component R12 10k
Added Member To Class: ClassName=ELEC3300_DAP Member=Component R18 2k
Added Member To Class: ClassName=ELEC3300_DAP Member=Component R19 2k
