Removed Pin From Net: NetName=USB_DM Pin=U?-70
Removed Pin From Net: NetName=USB_DP Pin=U?-71
Removed Pin From Net: NetName=LED1 Pin=U?-98
Added Component: Designator=C?(CC2012-0805)
Add component. Clean all parameters for all variants
Add component (AddParameter): Name = "LatestRevisionDate"; Value = "17-Jul-2002"; VariantName = "[No Variations]"
Add component (AddParameter): Name = "LatestRevisionNote"; Value = "Re-released for DXP Platform."; VariantName = "[No Variations]"
Add component (AddParameter): Name = "PackageReference"; Value = "C1206"; VariantName = "[No Variations]"
Add component (AddParameter): Name = "Published"; Value = "8-Jun-2000"; VariantName = "[No Variations]"
Add component (AddParameter): Name = "Publisher"; Value = "Altium Limited"; VariantName = "[No Variations]"
Added Component: Designator=C?(CC2012-0805)
Add component. Clean all parameters for all variants
Add component (AddParameter): Name = "LatestRevisionDate"; Value = "17-Jul-2002"; VariantName = "[No Variations]"
Add component (AddParameter): Name = "LatestRevisionNote"; Value = "Re-released for DXP Platform."; VariantName = "[No Variations]"
Add component (AddParameter): Name = "PackageReference"; Value = "C1206"; VariantName = "[No Variations]"
Add component (AddParameter): Name = "Published"; Value = "8-Jun-2000"; VariantName = "[No Variations]"
Add component (AddParameter): Name = "Publisher"; Value = "Altium Limited"; VariantName = "[No Variations]"
Added Component: Designator=C?(CC2012-0805)
Add component. Clean all parameters for all variants
Add component (AddParameter): Name = "LatestRevisionDate"; Value = "17-Jul-2002"; VariantName = "[No Variations]"
Add component (AddParameter): Name = "LatestRevisionNote"; Value = "Re-released for DXP Platform."; VariantName = "[No Variations]"
Add component (AddParameter): Name = "PackageReference"; Value = "C1206"; VariantName = "[No Variations]"
Add component (AddParameter): Name = "Published"; Value = "8-Jun-2000"; VariantName = "[No Variations]"
Add component (AddParameter): Name = "Publisher"; Value = "Altium Limited"; VariantName = "[No Variations]"
Added Component: Designator=C?(CC2012-0805)
Add component. Clean all parameters for all variants
Add component (AddParameter): Name = "LatestRevisionDate"; Value = "17-Jul-2002"; VariantName = "[No Variations]"
Add component (AddParameter): Name = "LatestRevisionNote"; Value = "Re-released for DXP Platform."; VariantName = "[No Variations]"
Add component (AddParameter): Name = "PackageReference"; Value = "C1206"; VariantName = "[No Variations]"
Add component (AddParameter): Name = "Published"; Value = "8-Jun-2000"; VariantName = "[No Variations]"
Add component (AddParameter): Name = "Publisher"; Value = "Altium Limited"; VariantName = "[No Variations]"
Added Component: Designator=C?(CC2012-0805)
Add component. Clean all parameters for all variants
Add component (AddParameter): Name = "LatestRevisionDate"; Value = "17-Jul-2002"; VariantName = "[No Variations]"
Add component (AddParameter): Name = "LatestRevisionNote"; Value = "Re-released for DXP Platform."; VariantName = "[No Variations]"
Add component (AddParameter): Name = "PackageReference"; Value = "C1206"; VariantName = "[No Variations]"
Add component (AddParameter): Name = "Published"; Value = "8-Jun-2000"; VariantName = "[No Variations]"
Add component (AddParameter): Name = "Publisher"; Value = "Altium Limited"; VariantName = "[No Variations]"
Added Component: Designator=C?(CC2012-0805)
Add component. Clean all parameters for all variants
Add component (AddParameter): Name = "LatestRevisionDate"; Value = "17-Jul-2002"; VariantName = "[No Variations]"
Add component (AddParameter): Name = "LatestRevisionNote"; Value = "Re-released for DXP Platform."; VariantName = "[No Variations]"
Add component (AddParameter): Name = "PackageReference"; Value = "C1206"; VariantName = "[No Variations]"
Add component (AddParameter): Name = "Published"; Value = "8-Jun-2000"; VariantName = "[No Variations]"
Add component (AddParameter): Name = "Publisher"; Value = "Altium Limited"; VariantName = "[No Variations]"
Added Component: Designator=C?(CC2012-0805)
Add component. Clean all parameters for all variants
Add component (AddParameter): Name = "LatestRevisionDate"; Value = "17-Jul-2002"; VariantName = "[No Variations]"
Add component (AddParameter): Name = "LatestRevisionNote"; Value = "Re-released for DXP Platform."; VariantName = "[No Variations]"
Add component (AddParameter): Name = "PackageReference"; Value = "C1206"; VariantName = "[No Variations]"
Add component (AddParameter): Name = "Published"; Value = "8-Jun-2000"; VariantName = "[No Variations]"
Add component (AddParameter): Name = "Publisher"; Value = "Altium Limited"; VariantName = "[No Variations]"
Added Component: Designator=C?(CC2012-0805)
Add component. Clean all parameters for all variants
Add component (AddParameter): Name = "LatestRevisionDate"; Value = "17-Jul-2002"; VariantName = "[No Variations]"
Add component (AddParameter): Name = "LatestRevisionNote"; Value = "Re-released for DXP Platform."; VariantName = "[No Variations]"
Add component (AddParameter): Name = "PackageReference"; Value = "C1206"; VariantName = "[No Variations]"
Add component (AddParameter): Name = "Published"; Value = "8-Jun-2000"; VariantName = "[No Variations]"
Add component (AddParameter): Name = "Publisher"; Value = "Altium Limited"; VariantName = "[No Variations]"
Added Component: Designator=C?(CC2012-0805)
Add component. Clean all parameters for all variants
Add component (AddParameter): Name = "LatestRevisionDate"; Value = "17-Jul-2002"; VariantName = "[No Variations]"
Add component (AddParameter): Name = "LatestRevisionNote"; Value = "Re-released for DXP Platform."; VariantName = "[No Variations]"
Add component (AddParameter): Name = "PackageReference"; Value = "C1206"; VariantName = "[No Variations]"
Add component (AddParameter): Name = "Published"; Value = "8-Jun-2000"; VariantName = "[No Variations]"
Add component (AddParameter): Name = "Publisher"; Value = "Altium Limited"; VariantName = "[No Variations]"
Added Component: Designator=C?(CC2012-0805)
Add component. Clean all parameters for all variants
Add component (AddParameter): Name = "LatestRevisionDate"; Value = "17-Jul-2002"; VariantName = "[No Variations]"
Add component (AddParameter): Name = "LatestRevisionNote"; Value = "Re-released for DXP Platform."; VariantName = "[No Variations]"
Add component (AddParameter): Name = "PackageReference"; Value = "C1206"; VariantName = "[No Variations]"
Add component (AddParameter): Name = "Published"; Value = "8-Jun-2000"; VariantName = "[No Variations]"
Add component (AddParameter): Name = "Publisher"; Value = "Altium Limited"; VariantName = "[No Variations]"
Added Component: Designator=L?(CL2012-0805)
Add component. Clean all parameters for all variants
Add component (AddParameter): Name = "Published"; Value = "8-Jun-2000"; VariantName = "[No Variations]"
Add component (AddParameter): Name = "Publisher"; Value = "Altium Limited"; VariantName = "[No Variations]"
Add component (AddParameter): Name = "Revision"; Value = "July-2002: Re-released for DXP Platform."; VariantName = "[No Variations]"
Add component (AddParameter): Name = "Value"; Value = "10uH"; VariantName = "[No Variations]"
Added Component: Designator=P?(STX-3120-5B)
Add component. Clean all parameters for all variants
Added Component: Designator=R?(CR2012-0805)
Add component. Clean all parameters for all variants
Add component (AddParameter): Name = "LatestRevisionDate"; Value = "17-Jul-2002"; VariantName = "[No Variations]"
Add component (AddParameter): Name = "LatestRevisionNote"; Value = "Re-released for DXP Platform."; VariantName = "[No Variations]"
Add component (AddParameter): Name = "Published"; Value = "8-Jun-2000"; VariantName = "[No Variations]"
Add component (AddParameter): Name = "Publisher"; Value = "Altium Limited"; VariantName = "[No Variations]"
Added Pin To Net: NetName=GND Pin=C?-1
Added Pin To Net: NetName=GND Pin=C?-1
Added Pin To Net: NetName=GND Pin=C?-1
Added Pin To Net: NetName=GND Pin=C?-1
Added Pin To Net: NetName=GND Pin=C?-1
Added Pin To Net: NetName=GND Pin=C?-1
Added Pin To Net: NetName=GND Pin=C?-1
Added Pin To Net: NetName=GND Pin=C?-1
Added Pin To Net: NetName=3.3V Pin=C?-2
Added Pin To Net: NetName=3.3V Pin=C?-2
Added Pin To Net: NetName=3.3V Pin=C?-2
Added Pin To Net: NetName=GND Pin=C?-2
Added Pin To Net: NetName=USB_DP Pin=CON?-D+
Added Pin To Net: NetName=USB_DM Pin=CON?-D-
Added Pin To Net: NetName=3.3V Pin=L?-1
Added Pin To Net: NetName=GND Pin=R?-2
Added Pin To Net: NetName=LED1 Pin=U?-2
Added Pin To Net: NetName=3.3V Pin=U?-4
Added Pin To Net: NetName=GND Pin=U?-5
Added Pin To Net: NetName=3.3V Pin=U?-6
Added Pin To Net: NetName=GND Pin=U?-9
Added Pin To Net: NetName=3.3V Pin=U?-19
Added Pin To Net: NetName=GND Pin=U?-22
Added Pin To Net: NetName=GND Pin=U?-33
Added Pin To Net: NetName=USB_DM Pin=U?-53
Added Pin To Net: NetName=USB_DP Pin=U?-54
Change Net Name : Old Net Name=LED2 New Net Name=LED0
Change Net Name : Old Net Name=UART3_RX New Net Name=I2C2_SDA
Change Net Name : Old Net Name=UART3_TX New Net Name=I2C2_SCL
Added Pin To Net: NetName=CODEC_I2C1_SCL Pin=U?-2
Added Pin To Net: NetName=CODEC_I2C1_SCL Pin=U?-92
Added Net: Name=CODEC_I2C1_SCL
Added Pin To Net: NetName=CODEC_I2C1_SDA Pin=U?-3
Added Pin To Net: NetName=CODEC_I2C1_SDA Pin=U?-93
Added Net: Name=CODEC_I2C1_SDA
Added Pin To Net: NetName=CODEC_I2S3_CK Pin=U?-29
Added Pin To Net: NetName=CODEC_I2S3_CK Pin=U?-89
Added Net: Name=CODEC_I2S3_CK
Added Pin To Net: NetName=CODEC_I2S3_ext_SD Pin=U?-31
Added Pin To Net: NetName=CODEC_I2S3_ext_SD Pin=U?-90
Added Net: Name=CODEC_I2S3_ext_SD
Added Pin To Net: NetName=CODEC_I2S3_MCK Pin=U?-28
Added Pin To Net: NetName=CODEC_I2S3_MCK Pin=U?-64
Added Net: Name=CODEC_I2S3_MCK
Added Pin To Net: NetName=CODEC_I2S3_SD Pin=U?-32
Added Pin To Net: NetName=CODEC_I2S3_SD Pin=U?-91
Added Net: Name=CODEC_I2S3_SD
Added Pin To Net: NetName=CODEC_I2S3_WS Pin=U?-29
Added Pin To Net: NetName=CODEC_I2S3_WS Pin=U?-30
Added Net: Name=CODEC_I2S3_WS
Added Pin To Net: NetName=FSMC_NE1 Pin=U?-88
Added Net: Name=FSMC_NE1
Added Pin To Net: NetName=FSMC_NOE Pin=U?-85
Added Net: Name=FSMC_NOE
Added Pin To Net: NetName=FSMC_NWE Pin=U?-86
Added Net: Name=FSMC_NWE
Added Pin To Net: NetName=LED2 Pin=U?-3
Added Net: Name=LED2
Added Pin To Net: NetName=MICBIAS Pin=C?-2
Added Pin To Net: NetName=MICBIAS Pin=U?-21
Added Net: Name=MICBIAS
Added Pin To Net: NetName=NetCON?_ID Pin=CON?-ID
Added Pin To Net: NetName=NetCON?_ID Pin=R?-1
Added Net: Name=NetCON?_ID
Added Pin To Net: NetName=SPI1_CS Pin=U?-33
Added Net: Name=SPI1_CS
Added Pin To Net: NetName=UART2_RX Pin=U?-26
Added Net: Name=UART2_RX
Added Pin To Net: NetName=UART2_TX Pin=U?-25
Added Net: Name=UART2_TX
Added Member To Class: ClassName=ELEC3300_DAP Member=Component C? 20pF
Added Member To Class: ClassName=ELEC3300_DAP Member=Component C? 20pF
Added Member To Class: ClassName=ELEC3300_DAP Member=Component C? 100nF
Added Member To Class: ClassName=ELEC3300_DAP Member=Component C? 2.2uF
Added Member To Class: ClassName=ELEC3300_DAP Member=Component C? 1uF
Added Member To Class: ClassName=ELEC3300_DAP Member=Component C? 2.2uF
Added Member To Class: ClassName=ELEC3300_DAP Member=Component C? 100nF
Added Member To Class: ClassName=ELEC3300_DAP Member=Component C? 100nF
Added Member To Class: ClassName=ELEC3300_DAP Member=Component C? 100nF
Added Member To Class: ClassName=ELEC3300_DAP Member=Component C? 100nF
Added Member To Class: ClassName=ELEC3300_DAP Member=Component C? 100nF
Added Member To Class: ClassName=ELEC3300_DAP Member=Component C? 100nF
Added Member To Class: ClassName=ELEC3300_DAP Member=Component C? 100nF
Added Member To Class: ClassName=ELEC3300_DAP Member=Component C? 1uF
Added Member To Class: ClassName=ELEC3300_DAP Member=Component C? 1uF
Added Member To Class: ClassName=ELEC3300_DAP Member=Component C? 100nF
Added Member To Class: ClassName=ELEC3300_DAP Member=Component C? 100nF
Added Member To Class: ClassName=ELEC3300_DAP Member=Component C? 4.7uF
Added Member To Class: ClassName=ELEC3300_DAP Member=Component C? 4.7uF
Added Member To Class: ClassName=ELEC3300_DAP Member=Component C? 2.2uF
Added Member To Class: ClassName=ELEC3300_DAP Member=Component C? 2.2uF
Added Member To Class: ClassName=ELEC3300_DAP Member=Component C? 2.2uF
Added Member To Class: ClassName=ELEC3300_DAP Member=Component C? 4.7uF
Added Member To Class: ClassName=ELEC3300_DAP Member=Component C? 4.7uF
Added Member To Class: ClassName=ELEC3300_DAP Member=Component L? 10uH
Added Member To Class: ClassName=ELEC3300_DAP Member=Component P? 3.5mm Audio Jack
Added Member To Class: ClassName=ELEC3300_DAP Member=Component R? 10k
Added Member To Class: ClassName=ELEC3300_DAP Member=Component U? LP5907
Added Member To Class: ClassName=ELEC3300_DAP Member=Component U? WM8918
Added Member To Class: ClassName=ELEC3300_DAP Member=Component U? STM32F405VGT6
