Added Component: Designator=C1(CC2012-0805)
Add component. Clean all parameters for all variants
Add component (AddParameter): Name = "LatestRevisionDate"; Value = "17-Jul-2002"; VariantName = "[No Variations]"
Add component (AddParameter): Name = "LatestRevisionNote"; Value = "Re-released for DXP Platform."; VariantName = "[No Variations]"
Add component (AddParameter): Name = "PackageReference"; Value = "C1206"; VariantName = "[No Variations]"
Add component (AddParameter): Name = "Published"; Value = "8-Jun-2000"; VariantName = "[No Variations]"
Add component (AddParameter): Name = "Publisher"; Value = "Altium Limited"; VariantName = "[No Variations]"
Added Component: Designator=C2(CC2012-0805)
Add component. Clean all parameters for all variants
Add component (AddParameter): Name = "LatestRevisionDate"; Value = "17-Jul-2002"; VariantName = "[No Variations]"
Add component (AddParameter): Name = "LatestRevisionNote"; Value = "Re-released for DXP Platform."; VariantName = "[No Variations]"
Add component (AddParameter): Name = "PackageReference"; Value = "C1206"; VariantName = "[No Variations]"
Add component (AddParameter): Name = "Published"; Value = "8-Jun-2000"; VariantName = "[No Variations]"
Add component (AddParameter): Name = "Publisher"; Value = "Altium Limited"; VariantName = "[No Variations]"
Added Component: Designator=C3(CC2012-0805)
Add component. Clean all parameters for all variants
Add component (AddParameter): Name = "LatestRevisionDate"; Value = "17-Jul-2002"; VariantName = "[No Variations]"
Add component (AddParameter): Name = "LatestRevisionNote"; Value = "Re-released for DXP Platform."; VariantName = "[No Variations]"
Add component (AddParameter): Name = "PackageReference"; Value = "C1206"; VariantName = "[No Variations]"
Add component (AddParameter): Name = "Published"; Value = "8-Jun-2000"; VariantName = "[No Variations]"
Add component (AddParameter): Name = "Publisher"; Value = "Altium Limited"; VariantName = "[No Variations]"
Added Component: Designator=C4(CC2012-0805)
Add component. Clean all parameters for all variants
Add component (AddParameter): Name = "LatestRevisionDate"; Value = "17-Jul-2002"; VariantName = "[No Variations]"
Add component (AddParameter): Name = "LatestRevisionNote"; Value = "Re-released for DXP Platform."; VariantName = "[No Variations]"
Add component (AddParameter): Name = "PackageReference"; Value = "C1206"; VariantName = "[No Variations]"
Add component (AddParameter): Name = "Published"; Value = "8-Jun-2000"; VariantName = "[No Variations]"
Add component (AddParameter): Name = "Publisher"; Value = "Altium Limited"; VariantName = "[No Variations]"
Added Component: Designator=C5(CC2012-0805)
Add component. Clean all parameters for all variants
Add component (AddParameter): Name = "LatestRevisionDate"; Value = "17-Jul-2002"; VariantName = "[No Variations]"
Add component (AddParameter): Name = "LatestRevisionNote"; Value = "Re-released for DXP Platform."; VariantName = "[No Variations]"
Add component (AddParameter): Name = "PackageReference"; Value = "C1206"; VariantName = "[No Variations]"
Add component (AddParameter): Name = "Published"; Value = "8-Jun-2000"; VariantName = "[No Variations]"
Add component (AddParameter): Name = "Publisher"; Value = "Altium Limited"; VariantName = "[No Variations]"
Added Component: Designator=C6(CC2012-0805)
Add component. Clean all parameters for all variants
Add component (AddParameter): Name = "LatestRevisionDate"; Value = "17-Jul-2002"; VariantName = "[No Variations]"
Add component (AddParameter): Name = "LatestRevisionNote"; Value = "Re-released for DXP Platform."; VariantName = "[No Variations]"
Add component (AddParameter): Name = "PackageReference"; Value = "C1206"; VariantName = "[No Variations]"
Add component (AddParameter): Name = "Published"; Value = "8-Jun-2000"; VariantName = "[No Variations]"
Add component (AddParameter): Name = "Publisher"; Value = "Altium Limited"; VariantName = "[No Variations]"
Added Component: Designator=C7(CC2012-0805)
Add component. Clean all parameters for all variants
Add component (AddParameter): Name = "LatestRevisionDate"; Value = "17-Jul-2002"; VariantName = "[No Variations]"
Add component (AddParameter): Name = "LatestRevisionNote"; Value = "Re-released for DXP Platform."; VariantName = "[No Variations]"
Add component (AddParameter): Name = "PackageReference"; Value = "C1206"; VariantName = "[No Variations]"
Add component (AddParameter): Name = "Published"; Value = "8-Jun-2000"; VariantName = "[No Variations]"
Add component (AddParameter): Name = "Publisher"; Value = "Altium Limited"; VariantName = "[No Variations]"
Added Component: Designator=C8(CC2012-0805)
Add component. Clean all parameters for all variants
Add component (AddParameter): Name = "LatestRevisionDate"; Value = "17-Jul-2002"; VariantName = "[No Variations]"
Add component (AddParameter): Name = "LatestRevisionNote"; Value = "Re-released for DXP Platform."; VariantName = "[No Variations]"
Add component (AddParameter): Name = "PackageReference"; Value = "C1206"; VariantName = "[No Variations]"
Add component (AddParameter): Name = "Published"; Value = "8-Jun-2000"; VariantName = "[No Variations]"
Add component (AddParameter): Name = "Publisher"; Value = "Altium Limited"; VariantName = "[No Variations]"
Added Component: Designator=C9(CC2012-0805)
Add component. Clean all parameters for all variants
Add component (AddParameter): Name = "LatestRevisionDate"; Value = "17-Jul-2002"; VariantName = "[No Variations]"
Add component (AddParameter): Name = "LatestRevisionNote"; Value = "Re-released for DXP Platform."; VariantName = "[No Variations]"
Add component (AddParameter): Name = "PackageReference"; Value = "C1206"; VariantName = "[No Variations]"
Add component (AddParameter): Name = "Published"; Value = "8-Jun-2000"; VariantName = "[No Variations]"
Add component (AddParameter): Name = "Publisher"; Value = "Altium Limited"; VariantName = "[No Variations]"
Added Component: Designator=C10(CC2012-0805)
Add component. Clean all parameters for all variants
Add component (AddParameter): Name = "LatestRevisionDate"; Value = "17-Jul-2002"; VariantName = "[No Variations]"
Add component (AddParameter): Name = "LatestRevisionNote"; Value = "Re-released for DXP Platform."; VariantName = "[No Variations]"
Add component (AddParameter): Name = "PackageReference"; Value = "C1206"; VariantName = "[No Variations]"
Add component (AddParameter): Name = "Published"; Value = "8-Jun-2000"; VariantName = "[No Variations]"
Add component (AddParameter): Name = "Publisher"; Value = "Altium Limited"; VariantName = "[No Variations]"
Added Component: Designator=C11(CC2012-0805)
Add component. Clean all parameters for all variants
Add component (AddParameter): Name = "LatestRevisionDate"; Value = "17-Jul-2002"; VariantName = "[No Variations]"
Add component (AddParameter): Name = "LatestRevisionNote"; Value = "Re-released for DXP Platform."; VariantName = "[No Variations]"
Add component (AddParameter): Name = "PackageReference"; Value = "C1206"; VariantName = "[No Variations]"
Add component (AddParameter): Name = "Published"; Value = "8-Jun-2000"; VariantName = "[No Variations]"
Add component (AddParameter): Name = "Publisher"; Value = "Altium Limited"; VariantName = "[No Variations]"
Added Component: Designator=C12(CC2012-0805)
Add component. Clean all parameters for all variants
Add component (AddParameter): Name = "LatestRevisionDate"; Value = "17-Jul-2002"; VariantName = "[No Variations]"
Add component (AddParameter): Name = "LatestRevisionNote"; Value = "Re-released for DXP Platform."; VariantName = "[No Variations]"
Add component (AddParameter): Name = "PackageReference"; Value = "C1206"; VariantName = "[No Variations]"
Add component (AddParameter): Name = "Published"; Value = "8-Jun-2000"; VariantName = "[No Variations]"
Add component (AddParameter): Name = "Publisher"; Value = "Altium Limited"; VariantName = "[No Variations]"
Added Component: Designator=C13(CC2012-0805)
Add component. Clean all parameters for all variants
Add component (AddParameter): Name = "LatestRevisionDate"; Value = "17-Jul-2002"; VariantName = "[No Variations]"
Add component (AddParameter): Name = "LatestRevisionNote"; Value = "Re-released for DXP Platform."; VariantName = "[No Variations]"
Add component (AddParameter): Name = "PackageReference"; Value = "C1206"; VariantName = "[No Variations]"
Add component (AddParameter): Name = "Published"; Value = "8-Jun-2000"; VariantName = "[No Variations]"
Add component (AddParameter): Name = "Publisher"; Value = "Altium Limited"; VariantName = "[No Variations]"
Added Component: Designator=C14(CC2012-0805)
Add component. Clean all parameters for all variants
Add component (AddParameter): Name = "LatestRevisionDate"; Value = "17-Jul-2002"; VariantName = "[No Variations]"
Add component (AddParameter): Name = "LatestRevisionNote"; Value = "Re-released for DXP Platform."; VariantName = "[No Variations]"
Add component (AddParameter): Name = "PackageReference"; Value = "C1206"; VariantName = "[No Variations]"
Add component (AddParameter): Name = "Published"; Value = "8-Jun-2000"; VariantName = "[No Variations]"
Add component (AddParameter): Name = "Publisher"; Value = "Altium Limited"; VariantName = "[No Variations]"
Added Component: Designator=C15(CC2012-0805)
Add component. Clean all parameters for all variants
Add component (AddParameter): Name = "LatestRevisionDate"; Value = "17-Jul-2002"; VariantName = "[No Variations]"
Add component (AddParameter): Name = "LatestRevisionNote"; Value = "Re-released for DXP Platform."; VariantName = "[No Variations]"
Add component (AddParameter): Name = "PackageReference"; Value = "C1206"; VariantName = "[No Variations]"
Add component (AddParameter): Name = "Published"; Value = "8-Jun-2000"; VariantName = "[No Variations]"
Add component (AddParameter): Name = "Publisher"; Value = "Altium Limited"; VariantName = "[No Variations]"
Added Component: Designator=C16(CC2012-0805)
Add component. Clean all parameters for all variants
Add component (AddParameter): Name = "LatestRevisionDate"; Value = "17-Jul-2002"; VariantName = "[No Variations]"
Add component (AddParameter): Name = "LatestRevisionNote"; Value = "Re-released for DXP Platform."; VariantName = "[No Variations]"
Add component (AddParameter): Name = "PackageReference"; Value = "C1206"; VariantName = "[No Variations]"
Add component (AddParameter): Name = "Published"; Value = "8-Jun-2000"; VariantName = "[No Variations]"
Add component (AddParameter): Name = "Publisher"; Value = "Altium Limited"; VariantName = "[No Variations]"
Added Component: Designator=C17(CC2012-0805)
Add component. Clean all parameters for all variants
Add component (AddParameter): Name = "LatestRevisionDate"; Value = "17-Jul-2002"; VariantName = "[No Variations]"
Add component (AddParameter): Name = "LatestRevisionNote"; Value = "Re-released for DXP Platform."; VariantName = "[No Variations]"
Add component (AddParameter): Name = "PackageReference"; Value = "C1206"; VariantName = "[No Variations]"
Add component (AddParameter): Name = "Published"; Value = "8-Jun-2000"; VariantName = "[No Variations]"
Add component (AddParameter): Name = "Publisher"; Value = "Altium Limited"; VariantName = "[No Variations]"
Added Component: Designator=C18(CC2012-0805)
Add component. Clean all parameters for all variants
Add component (AddParameter): Name = "LatestRevisionDate"; Value = "17-Jul-2002"; VariantName = "[No Variations]"
Add component (AddParameter): Name = "LatestRevisionNote"; Value = "Re-released for DXP Platform."; VariantName = "[No Variations]"
Add component (AddParameter): Name = "PackageReference"; Value = "C1206"; VariantName = "[No Variations]"
Add component (AddParameter): Name = "Published"; Value = "8-Jun-2000"; VariantName = "[No Variations]"
Add component (AddParameter): Name = "Publisher"; Value = "Altium Limited"; VariantName = "[No Variations]"
Added Component: Designator=C19(CC2012-0805)
Add component. Clean all parameters for all variants
Add component (AddParameter): Name = "LatestRevisionDate"; Value = "17-Jul-2002"; VariantName = "[No Variations]"
Add component (AddParameter): Name = "LatestRevisionNote"; Value = "Re-released for DXP Platform."; VariantName = "[No Variations]"
Add component (AddParameter): Name = "PackageReference"; Value = "C1206"; VariantName = "[No Variations]"
Add component (AddParameter): Name = "Published"; Value = "8-Jun-2000"; VariantName = "[No Variations]"
Add component (AddParameter): Name = "Publisher"; Value = "Altium Limited"; VariantName = "[No Variations]"
Added Component: Designator=C20(CC2012-0805)
Add component. Clean all parameters for all variants
Add component (AddParameter): Name = "LatestRevisionDate"; Value = "17-Jul-2002"; VariantName = "[No Variations]"
Add component (AddParameter): Name = "LatestRevisionNote"; Value = "Re-released for DXP Platform."; VariantName = "[No Variations]"
Add component (AddParameter): Name = "PackageReference"; Value = "C1206"; VariantName = "[No Variations]"
Add component (AddParameter): Name = "Published"; Value = "8-Jun-2000"; VariantName = "[No Variations]"
Add component (AddParameter): Name = "Publisher"; Value = "Altium Limited"; VariantName = "[No Variations]"
Added Component: Designator=C21(CC2012-0805)
Add component. Clean all parameters for all variants
Add component (AddParameter): Name = "LatestRevisionDate"; Value = "17-Jul-2002"; VariantName = "[No Variations]"
Add component (AddParameter): Name = "LatestRevisionNote"; Value = "Re-released for DXP Platform."; VariantName = "[No Variations]"
Add component (AddParameter): Name = "PackageReference"; Value = "C1206"; VariantName = "[No Variations]"
Add component (AddParameter): Name = "Published"; Value = "8-Jun-2000"; VariantName = "[No Variations]"
Add component (AddParameter): Name = "Publisher"; Value = "Altium Limited"; VariantName = "[No Variations]"
Added Component: Designator=C22(CC2012-0805)
Add component. Clean all parameters for all variants
Add component (AddParameter): Name = "LatestRevisionDate"; Value = "17-Jul-2002"; VariantName = "[No Variations]"
Add component (AddParameter): Name = "LatestRevisionNote"; Value = "Re-released for DXP Platform."; VariantName = "[No Variations]"
Add component (AddParameter): Name = "PackageReference"; Value = "C1206"; VariantName = "[No Variations]"
Add component (AddParameter): Name = "Published"; Value = "8-Jun-2000"; VariantName = "[No Variations]"
Add component (AddParameter): Name = "Publisher"; Value = "Altium Limited"; VariantName = "[No Variations]"
Added Component: Designator=C23(CC2012-0805)
Add component. Clean all parameters for all variants
Add component (AddParameter): Name = "LatestRevisionDate"; Value = "17-Jul-2002"; VariantName = "[No Variations]"
Add component (AddParameter): Name = "LatestRevisionNote"; Value = "Re-released for DXP Platform."; VariantName = "[No Variations]"
Add component (AddParameter): Name = "PackageReference"; Value = "C1206"; VariantName = "[No Variations]"
Add component (AddParameter): Name = "Published"; Value = "8-Jun-2000"; VariantName = "[No Variations]"
Add component (AddParameter): Name = "Publisher"; Value = "Altium Limited"; VariantName = "[No Variations]"
Added Component: Designator=C24(CC2012-0805)
Add component. Clean all parameters for all variants
Add component (AddParameter): Name = "LatestRevisionDate"; Value = "17-Jul-2002"; VariantName = "[No Variations]"
Add component (AddParameter): Name = "LatestRevisionNote"; Value = "Re-released for DXP Platform."; VariantName = "[No Variations]"
Add component (AddParameter): Name = "PackageReference"; Value = "C1206"; VariantName = "[No Variations]"
Add component (AddParameter): Name = "Published"; Value = "8-Jun-2000"; VariantName = "[No Variations]"
Add component (AddParameter): Name = "Publisher"; Value = "Altium Limited"; VariantName = "[No Variations]"
Added Component: Designator=C25(CC2012-0805)
Add component. Clean all parameters for all variants
Add component (AddParameter): Name = "LatestRevisionDate"; Value = "17-Jul-2002"; VariantName = "[No Variations]"
Add component (AddParameter): Name = "LatestRevisionNote"; Value = "Re-released for DXP Platform."; VariantName = "[No Variations]"
Add component (AddParameter): Name = "PackageReference"; Value = "C1206"; VariantName = "[No Variations]"
Add component (AddParameter): Name = "Published"; Value = "8-Jun-2000"; VariantName = "[No Variations]"
Add component (AddParameter): Name = "Publisher"; Value = "Altium Limited"; VariantName = "[No Variations]"
Added Component: Designator=C26(CC2012-0805)
Add component. Clean all parameters for all variants
Add component (AddParameter): Name = "LatestRevisionDate"; Value = "17-Jul-2002"; VariantName = "[No Variations]"
Add component (AddParameter): Name = "LatestRevisionNote"; Value = "Re-released for DXP Platform."; VariantName = "[No Variations]"
Add component (AddParameter): Name = "PackageReference"; Value = "C1206"; VariantName = "[No Variations]"
Add component (AddParameter): Name = "Published"; Value = "8-Jun-2000"; VariantName = "[No Variations]"
Add component (AddParameter): Name = "Publisher"; Value = "Altium Limited"; VariantName = "[No Variations]"
Added Component: Designator=C27(CC2012-0805)
Add component. Clean all parameters for all variants
Add component (AddParameter): Name = "LatestRevisionDate"; Value = "17-Jul-2002"; VariantName = "[No Variations]"
Add component (AddParameter): Name = "LatestRevisionNote"; Value = "Re-released for DXP Platform."; VariantName = "[No Variations]"
Add component (AddParameter): Name = "PackageReference"; Value = "C1206"; VariantName = "[No Variations]"
Add component (AddParameter): Name = "Published"; Value = "8-Jun-2000"; VariantName = "[No Variations]"
Add component (AddParameter): Name = "Publisher"; Value = "Altium Limited"; VariantName = "[No Variations]"
Added Component: Designator=C28(CC2012-0805)
Add component. Clean all parameters for all variants
Add component (AddParameter): Name = "LatestRevisionDate"; Value = "17-Jul-2002"; VariantName = "[No Variations]"
Add component (AddParameter): Name = "LatestRevisionNote"; Value = "Re-released for DXP Platform."; VariantName = "[No Variations]"
Add component (AddParameter): Name = "PackageReference"; Value = "C1206"; VariantName = "[No Variations]"
Add component (AddParameter): Name = "Published"; Value = "8-Jun-2000"; VariantName = "[No Variations]"
Add component (AddParameter): Name = "Publisher"; Value = "Altium Limited"; VariantName = "[No Variations]"
Added Component: Designator=C29(CC2012-0805)
Add component. Clean all parameters for all variants
Add component (AddParameter): Name = "LatestRevisionDate"; Value = "17-Jul-2002"; VariantName = "[No Variations]"
Add component (AddParameter): Name = "LatestRevisionNote"; Value = "Re-released for DXP Platform."; VariantName = "[No Variations]"
Add component (AddParameter): Name = "PackageReference"; Value = "C1206"; VariantName = "[No Variations]"
Add component (AddParameter): Name = "Published"; Value = "8-Jun-2000"; VariantName = "[No Variations]"
Add component (AddParameter): Name = "Publisher"; Value = "Altium Limited"; VariantName = "[No Variations]"
Added Component: Designator=C30(CC2012-0805)
Add component. Clean all parameters for all variants
Add component (AddParameter): Name = "LatestRevisionDate"; Value = "17-Jul-2002"; VariantName = "[No Variations]"
Add component (AddParameter): Name = "LatestRevisionNote"; Value = "Re-released for DXP Platform."; VariantName = "[No Variations]"
Add component (AddParameter): Name = "PackageReference"; Value = "C1206"; VariantName = "[No Variations]"
Add component (AddParameter): Name = "Published"; Value = "8-Jun-2000"; VariantName = "[No Variations]"
Add component (AddParameter): Name = "Publisher"; Value = "Altium Limited"; VariantName = "[No Variations]"
Added Component: Designator=C31(CC2012-0805)
Add component. Clean all parameters for all variants
Add component (AddParameter): Name = "LatestRevisionDate"; Value = "17-Jul-2002"; VariantName = "[No Variations]"
Add component (AddParameter): Name = "LatestRevisionNote"; Value = "Re-released for DXP Platform."; VariantName = "[No Variations]"
Add component (AddParameter): Name = "PackageReference"; Value = "C1206"; VariantName = "[No Variations]"
Add component (AddParameter): Name = "Published"; Value = "8-Jun-2000"; VariantName = "[No Variations]"
Add component (AddParameter): Name = "Publisher"; Value = "Altium Limited"; VariantName = "[No Variations]"
Added Component: Designator=CON1(USB-UB-S-HML)
Add component. Clean all parameters for all variants
Added Component: Designator=D1(D0805)
Add component. Clean all parameters for all variants
Add component (AddParameter): Name = "LatestRevisionDate"; Value = "08-Jul-2005"; VariantName = "[No Variations]"
Add component (AddParameter): Name = "LatestRevisionNote"; Value = "Mech Layer 1 removed."; VariantName = "[No Variations]"
Add component (AddParameter): Name = "PackageReference"; Value = "LED-1"; VariantName = "[No Variations]"
Add component (AddParameter): Name = "Published"; Value = "8-Jun-2000"; VariantName = "[No Variations]"
Add component (AddParameter): Name = "Publisher"; Value = "Altium Limited"; VariantName = "[No Variations]"
Added Component: Designator=D2(D0805)
Add component. Clean all parameters for all variants
Add component (AddParameter): Name = "LatestRevisionDate"; Value = "08-Jul-2005"; VariantName = "[No Variations]"
Add component (AddParameter): Name = "LatestRevisionNote"; Value = "Mech Layer 1 removed."; VariantName = "[No Variations]"
Add component (AddParameter): Name = "PackageReference"; Value = "LED-1"; VariantName = "[No Variations]"
Add component (AddParameter): Name = "Published"; Value = "8-Jun-2000"; VariantName = "[No Variations]"
Add component (AddParameter): Name = "Publisher"; Value = "Altium Limited"; VariantName = "[No Variations]"
Added Component: Designator=JP?(LOCKEDHDR-4W)
Add component. Clean all parameters for all variants
Add component (AddParameter): Name = "Publisher"; Value = "Altium Limited"; VariantName = "[No Variations]"
Add component (AddParameter): Name = "Revision"; Value = "17-Jul-2002: Re-released for DXP Platform."; VariantName = "[No Variations]"
Added Component: Designator=JP?(LOCKEDHDR-4W)
Add component. Clean all parameters for all variants
Add component (AddParameter): Name = "Publisher"; Value = "Altium Limited"; VariantName = "[No Variations]"
Add component (AddParameter): Name = "Revision"; Value = "17-Jul-2002: Re-released for DXP Platform."; VariantName = "[No Variations]"
Added Component: Designator=JP?(LOCKEDHDR-4W)
Add component. Clean all parameters for all variants
Add component (AddParameter): Name = "Publisher"; Value = "Altium Limited"; VariantName = "[No Variations]"
Add component (AddParameter): Name = "Revision"; Value = "17-Jul-2002: Re-released for DXP Platform."; VariantName = "[No Variations]"
Added Component: Designator=L1(CL2012-0805)
Add component. Clean all parameters for all variants
Add component (AddParameter): Name = "Published"; Value = "8-Jun-2000"; VariantName = "[No Variations]"
Add component (AddParameter): Name = "Publisher"; Value = "Altium Limited"; VariantName = "[No Variations]"
Add component (AddParameter): Name = "Revision"; Value = "July-2002: Re-released for DXP Platform."; VariantName = "[No Variations]"
Add component (AddParameter): Name = "Value"; Value = "10uH"; VariantName = "[No Variations]"
Added Component: Designator=LED0(D0805)
Add component. Clean all parameters for all variants
Add component (AddParameter): Name = "LatestRevisionDate"; Value = "08-Jul-2005"; VariantName = "[No Variations]"
Add component (AddParameter): Name = "LatestRevisionNote"; Value = "Mech Layer 1 removed."; VariantName = "[No Variations]"
Add component (AddParameter): Name = "PackageReference"; Value = "LED-1"; VariantName = "[No Variations]"
Add component (AddParameter): Name = "Published"; Value = "8-Jun-2000"; VariantName = "[No Variations]"
Add component (AddParameter): Name = "Publisher"; Value = "Altium Limited"; VariantName = "[No Variations]"
Added Component: Designator=LED1(D0805)
Add component. Clean all parameters for all variants
Add component (AddParameter): Name = "LatestRevisionDate"; Value = "08-Jul-2005"; VariantName = "[No Variations]"
Add component (AddParameter): Name = "LatestRevisionNote"; Value = "Mech Layer 1 removed."; VariantName = "[No Variations]"
Add component (AddParameter): Name = "PackageReference"; Value = "LED-1"; VariantName = "[No Variations]"
Add component (AddParameter): Name = "Published"; Value = "8-Jun-2000"; VariantName = "[No Variations]"
Add component (AddParameter): Name = "Publisher"; Value = "Altium Limited"; VariantName = "[No Variations]"
Added Component: Designator=LED2(D0805)
Add component. Clean all parameters for all variants
Add component (AddParameter): Name = "LatestRevisionDate"; Value = "08-Jul-2005"; VariantName = "[No Variations]"
Add component (AddParameter): Name = "LatestRevisionNote"; Value = "Mech Layer 1 removed."; VariantName = "[No Variations]"
Add component (AddParameter): Name = "PackageReference"; Value = "LED-1"; VariantName = "[No Variations]"
Add component (AddParameter): Name = "Published"; Value = "8-Jun-2000"; VariantName = "[No Variations]"
Add component (AddParameter): Name = "Publisher"; Value = "Altium Limited"; VariantName = "[No Variations]"
Added Component: Designator=P2(STX-3120-5B)
Add component. Clean all parameters for all variants
Added Component: Designator=P4(HDR2X16)
Add component. Clean all parameters for all variants
Added Component: Designator=P5(HDR1X8)
Add component. Clean all parameters for all variants
Add component (AddParameter): Name = "LatestRevisionDate"; Value = "17-Jul-2002"; VariantName = "[No Variations]"
Add component (AddParameter): Name = "LatestRevisionNote"; Value = "Re-released for DXP Platform."; VariantName = "[No Variations]"
Add component (AddParameter): Name = "Publisher"; Value = "Altium Limited"; VariantName = "[No Variations]"
Added Component: Designator=P6(BUZ-9.0)
Add component. Clean all parameters for all variants
Added Component: Designator=Q1(SO-G3/Z3.3)
Add component. Clean all parameters for all variants
Add component (AddParameter): Name = "Published"; Value = "8-Jun-2000"; VariantName = "[No Variations]"
Add component (AddParameter): Name = "Publisher"; Value = "Altium Limited"; VariantName = "[No Variations]"
Add component (AddParameter): Name = "Revision"; Value = "July-2002: Re-released for DXP Platform."; VariantName = "[No Variations]"
Added Component: Designator=R1(CR2012-0805)
Add component. Clean all parameters for all variants
Add component (AddParameter): Name = "LatestRevisionDate"; Value = "17-Jul-2002"; VariantName = "[No Variations]"
Add component (AddParameter): Name = "LatestRevisionNote"; Value = "Re-released for DXP Platform."; VariantName = "[No Variations]"
Add component (AddParameter): Name = "Published"; Value = "8-Jun-2000"; VariantName = "[No Variations]"
Add component (AddParameter): Name = "Publisher"; Value = "Altium Limited"; VariantName = "[No Variations]"
Added Component: Designator=R2(CR2012-0805)
Add component. Clean all parameters for all variants
Add component (AddParameter): Name = "LatestRevisionDate"; Value = "17-Jul-2002"; VariantName = "[No Variations]"
Add component (AddParameter): Name = "LatestRevisionNote"; Value = "Re-released for DXP Platform."; VariantName = "[No Variations]"
Add component (AddParameter): Name = "Published"; Value = "8-Jun-2000"; VariantName = "[No Variations]"
Add component (AddParameter): Name = "Publisher"; Value = "Altium Limited"; VariantName = "[No Variations]"
Added Component: Designator=R3(CR2012-0805)
Add component. Clean all parameters for all variants
Add component (AddParameter): Name = "LatestRevisionDate"; Value = "17-Jul-2002"; VariantName = "[No Variations]"
Add component (AddParameter): Name = "LatestRevisionNote"; Value = "Re-released for DXP Platform."; VariantName = "[No Variations]"
Add component (AddParameter): Name = "Published"; Value = "8-Jun-2000"; VariantName = "[No Variations]"
Add component (AddParameter): Name = "Publisher"; Value = "Altium Limited"; VariantName = "[No Variations]"
Added Component: Designator=R4(CR2012-0805)
Add component. Clean all parameters for all variants
Add component (AddParameter): Name = "LatestRevisionDate"; Value = "17-Jul-2002"; VariantName = "[No Variations]"
Add component (AddParameter): Name = "LatestRevisionNote"; Value = "Re-released for DXP Platform."; VariantName = "[No Variations]"
Add component (AddParameter): Name = "Published"; Value = "8-Jun-2000"; VariantName = "[No Variations]"
Add component (AddParameter): Name = "Publisher"; Value = "Altium Limited"; VariantName = "[No Variations]"
Added Component: Designator=R8(CR2012-0805)
Add component. Clean all parameters for all variants
Add component (AddParameter): Name = "LatestRevisionDate"; Value = "17-Jul-2002"; VariantName = "[No Variations]"
Add component (AddParameter): Name = "LatestRevisionNote"; Value = "Re-released for DXP Platform."; VariantName = "[No Variations]"
Add component (AddParameter): Name = "Published"; Value = "8-Jun-2000"; VariantName = "[No Variations]"
Add component (AddParameter): Name = "Publisher"; Value = "Altium Limited"; VariantName = "[No Variations]"
Added Component: Designator=R14(CR2012-0805)
Add component. Clean all parameters for all variants
Add component (AddParameter): Name = "LatestRevisionDate"; Value = "17-Jul-2002"; VariantName = "[No Variations]"
Add component (AddParameter): Name = "LatestRevisionNote"; Value = "Re-released for DXP Platform."; VariantName = "[No Variations]"
Add component (AddParameter): Name = "Published"; Value = "8-Jun-2000"; VariantName = "[No Variations]"
Add component (AddParameter): Name = "Publisher"; Value = "Altium Limited"; VariantName = "[No Variations]"
Added Component: Designator=R15(CR2012-0805)
Add component. Clean all parameters for all variants
Add component (AddParameter): Name = "LatestRevisionDate"; Value = "17-Jul-2002"; VariantName = "[No Variations]"
Add component (AddParameter): Name = "LatestRevisionNote"; Value = "Re-released for DXP Platform."; VariantName = "[No Variations]"
Add component (AddParameter): Name = "Published"; Value = "8-Jun-2000"; VariantName = "[No Variations]"
Add component (AddParameter): Name = "Publisher"; Value = "Altium Limited"; VariantName = "[No Variations]"
Added Component: Designator=R16(CR2012-0805)
Add component. Clean all parameters for all variants
Add component (AddParameter): Name = "LatestRevisionDate"; Value = "17-Jul-2002"; VariantName = "[No Variations]"
Add component (AddParameter): Name = "LatestRevisionNote"; Value = "Re-released for DXP Platform."; VariantName = "[No Variations]"
Add component (AddParameter): Name = "Published"; Value = "8-Jun-2000"; VariantName = "[No Variations]"
Add component (AddParameter): Name = "Publisher"; Value = "Altium Limited"; VariantName = "[No Variations]"
Added Component: Designator=R17(CR2012-0805)
Add component. Clean all parameters for all variants
Add component (AddParameter): Name = "LatestRevisionDate"; Value = "17-Jul-2002"; VariantName = "[No Variations]"
Add component (AddParameter): Name = "LatestRevisionNote"; Value = "Re-released for DXP Platform."; VariantName = "[No Variations]"
Add component (AddParameter): Name = "Published"; Value = "8-Jun-2000"; VariantName = "[No Variations]"
Add component (AddParameter): Name = "Publisher"; Value = "Altium Limited"; VariantName = "[No Variations]"
Added Component: Designator=R18(CR2012-0805)
Add component. Clean all parameters for all variants
Add component (AddParameter): Name = "LatestRevisionDate"; Value = "17-Jul-2002"; VariantName = "[No Variations]"
Add component (AddParameter): Name = "LatestRevisionNote"; Value = "Re-released for DXP Platform."; VariantName = "[No Variations]"
Add component (AddParameter): Name = "Published"; Value = "8-Jun-2000"; VariantName = "[No Variations]"
Add component (AddParameter): Name = "Publisher"; Value = "Altium Limited"; VariantName = "[No Variations]"
Added Component: Designator=R19(CR2012-0805)
Add component. Clean all parameters for all variants
Add component (AddParameter): Name = "LatestRevisionDate"; Value = "17-Jul-2002"; VariantName = "[No Variations]"
Add component (AddParameter): Name = "LatestRevisionNote"; Value = "Re-released for DXP Platform."; VariantName = "[No Variations]"
Add component (AddParameter): Name = "Published"; Value = "8-Jun-2000"; VariantName = "[No Variations]"
Add component (AddParameter): Name = "Publisher"; Value = "Altium Limited"; VariantName = "[No Variations]"
Added Component: Designator=R20(CR2012-0805)
Add component. Clean all parameters for all variants
Add component (AddParameter): Name = "LatestRevisionDate"; Value = "17-Jul-2002"; VariantName = "[No Variations]"
Add component (AddParameter): Name = "LatestRevisionNote"; Value = "Re-released for DXP Platform."; VariantName = "[No Variations]"
Add component (AddParameter): Name = "Published"; Value = "8-Jun-2000"; VariantName = "[No Variations]"
Add component (AddParameter): Name = "Publisher"; Value = "Altium Limited"; VariantName = "[No Variations]"
Added Component: Designator=R21(CR2012-0805)
Add component. Clean all parameters for all variants
Add component (AddParameter): Name = "LatestRevisionDate"; Value = "17-Jul-2002"; VariantName = "[No Variations]"
Add component (AddParameter): Name = "LatestRevisionNote"; Value = "Re-released for DXP Platform."; VariantName = "[No Variations]"
Add component (AddParameter): Name = "Published"; Value = "8-Jun-2000"; VariantName = "[No Variations]"
Add component (AddParameter): Name = "Publisher"; Value = "Altium Limited"; VariantName = "[No Variations]"
Added Component: Designator=R22(CR2012-0805)
Add component. Clean all parameters for all variants
Add component (AddParameter): Name = "LatestRevisionDate"; Value = "17-Jul-2002"; VariantName = "[No Variations]"
Add component (AddParameter): Name = "LatestRevisionNote"; Value = "Re-released for DXP Platform."; VariantName = "[No Variations]"
Add component (AddParameter): Name = "Published"; Value = "8-Jun-2000"; VariantName = "[No Variations]"
Add component (AddParameter): Name = "Publisher"; Value = "Altium Limited"; VariantName = "[No Variations]"
Added Component: Designator=R23(CR2012-0805)
Add component. Clean all parameters for all variants
Add component (AddParameter): Name = "LatestRevisionDate"; Value = "17-Jul-2002"; VariantName = "[No Variations]"
Add component (AddParameter): Name = "LatestRevisionNote"; Value = "Re-released for DXP Platform."; VariantName = "[No Variations]"
Add component (AddParameter): Name = "Published"; Value = "8-Jun-2000"; VariantName = "[No Variations]"
Add component (AddParameter): Name = "Publisher"; Value = "Altium Limited"; VariantName = "[No Variations]"
Added Component: Designator=S1(EC11B15242AE)
Add component. Clean all parameters for all variants
Add component (AddParameter): Name = "Arrow Part Number"; Value = ""; VariantName = "[No Variations]"
Add component (AddParameter): Name = "Arrow Price/Stock"; Value = ""; VariantName = "[No Variations]"
Add component (AddParameter): Name = "Datasheet Link"; Value = ""; VariantName = "[No Variations]"
Add component (AddParameter): Name = "Height"; Value = "13mm"; VariantName = "[No Variations]"
Add component (AddParameter): Name = "Manufacturer_Name"; Value = "ALPS"; VariantName = "[No Variations]"
Add component (AddParameter): Name = "Manufacturer_Part_Number"; Value = "EC11B15242AE"; VariantName = "[No Variations]"
Add component (AddParameter): Name = "Mouser Part Number"; Value = "688-EC11B15242AE"; VariantName = "[No Variations]"
Add component (AddParameter): Name = "Mouser Price/Stock"; Value = "http://www.mouser.com/Search/ProductDetail.aspx?qs=PoKhxlfUXjIm2pRMScFQOQ%3d%3d"; VariantName = "[No Variations]"
Added Component: Designator=SW1(PUSH SWITCH 2-PIN)
Add component. Clean all parameters for all variants
Add component (AddParameter): Name = "Published"; Value = "24-Mar-1999"; VariantName = "[No Variations]"
Add component (AddParameter): Name = "Publisher"; Value = "Altium Limited"; VariantName = "[No Variations]"
Add component (AddParameter): Name = "Revision"; Value = "July-2002: Re-released for DXP Platform."; VariantName = "[No Variations]"
Added Component: Designator=SW2(PUSH SWITCH)
Add component. Clean all parameters for all variants
Add component (AddParameter): Name = "Published"; Value = "24-Mar-1999"; VariantName = "[No Variations]"
Add component (AddParameter): Name = "Publisher"; Value = "Altium Limited"; VariantName = "[No Variations]"
Add component (AddParameter): Name = "Revision"; Value = "July-2002: Re-released for DXP Platform."; VariantName = "[No Variations]"
Added Component: Designator=SW3(PUSH SWITCH)
Add component. Clean all parameters for all variants
Add component (AddParameter): Name = "Published"; Value = "24-Mar-1999"; VariantName = "[No Variations]"
Add component (AddParameter): Name = "Publisher"; Value = "Altium Limited"; VariantName = "[No Variations]"
Add component (AddParameter): Name = "Revision"; Value = "July-2002: Re-released for DXP Platform."; VariantName = "[No Variations]"
Added Component: Designator=SW4(PUSH SWITCH)
Add component. Clean all parameters for all variants
Add component (AddParameter): Name = "Published"; Value = "24-Mar-1999"; VariantName = "[No Variations]"
Add component (AddParameter): Name = "Publisher"; Value = "Altium Limited"; VariantName = "[No Variations]"
Add component (AddParameter): Name = "Revision"; Value = "July-2002: Re-released for DXP Platform."; VariantName = "[No Variations]"
Added Component: Designator=U1(STM-LQFP100_M)
Add component. Clean all parameters for all variants
Add component (AddParameter): Name = "ComponentLink1Description"; Value = "Manufacturer URL"; VariantName = "[No Variations]"
Add component (AddParameter): Name = "ComponentLink1URL"; Value = "http://www.st.com/web/en/home.html"; VariantName = "[No Variations]"
Add component (AddParameter): Name = "ComponentLink2Description"; Value = "Datasheet"; VariantName = "[No Variations]"
Add component (AddParameter): Name = "ComponentLink2URL"; Value = "http://www.st.com/st-web-ui/static/active/en/resource/technical/document/datasheet/DM00037051.pdf"; VariantName = "[No Variations]"
Add component (AddParameter): Name = "ComponentLink3Description"; Value = "Package Specification"; VariantName = "[No Variations]"
Add component (AddParameter): Name = "ComponentLink3URL"; Value = "http://www.st.com/st-web-ui/static/active/en/resource/technical/document/data_brief/DM00071938.pdf"; VariantName = "[No Variations]"
Add component (AddParameter): Name = "Core"; Value = "ARM Cortex-M4"; VariantName = "[No Variations]"
Add component (AddParameter): Name = "D/A Converter"; Value = "2x12-bit"; VariantName = "[No Variations]"
Add component (AddParameter): Name = "DatasheetVersion"; Value = "Rev. 4"; VariantName = "[No Variations]"
Add component (AddParameter): Name = "FLASH Size (Prog) (kB)"; Value = "1024"; VariantName = "[No Variations]"
Add component (AddParameter): Name = "I/Os (High Current)"; Value = "82"; VariantName = "[No Variations]"
Add component (AddParameter): Name = "Internal RAM Size (kB)"; Value = "192"; VariantName = "[No Variations]"
Add component (AddParameter): Name = "Manufacturer"; Value = "STMicroelectronics"; VariantName = "[No Variations]"
Add component (AddParameter): Name = "Mounting Technology"; Value = "Surface Mount"; VariantName = "[No Variations]"
Add component (AddParameter): Name = "Operating Frequency(F) (Processor speed) (MHz)"; Value = "168"; VariantName = "[No Variations]"
Add component (AddParameter): Name = "PackageDescription"; Value = "100-Pin Low Profile Quad Flat Package, 14 x 14 mm Body, 0.5 mm Pitch"; VariantName = "[No Variations]"
Add component (AddParameter): Name = "PackageReference"; Value = "LQFP100"; VariantName = "[No Variations]"
Add component (AddParameter): Name = "PackageVersion"; Value = "Rev. 1, 06/2013"; VariantName = "[No Variations]"
Add component (AddParameter): Name = "Packing"; Value = "Tray"; VariantName = "[No Variations]"
Add component (AddParameter): Name = "PartNumber"; Value = "STM32F405VGT6"; VariantName = "[No Variations]"
Add component (AddParameter): Name = "Supplier 1"; Value = "Digi-Key"; VariantName = "[No Variations]"
Add component (AddParameter): Name = "Supplier 2"; Value = "Farnell"; VariantName = "[No Variations]"
Add component (AddParameter): Name = "Supplier 3"; Value = "Newark"; VariantName = "[No Variations]"
Add component (AddParameter): Name = "Supplier 4"; Value = "Newark"; VariantName = "[No Variations]"
Add component (AddParameter): Name = "Supplier 5"; Value = "Mouser"; VariantName = "[No Variations]"
Add component (AddParameter): Name = "Supplier Part Number 1"; Value = "497-11910-ND"; VariantName = "[No Variations]"
Add component (AddParameter): Name = "Supplier Part Number 2"; Value = "2215224"; VariantName = "[No Variations]"
Add component (AddParameter): Name = "Supplier Part Number 3"; Value = "46W2199"; VariantName = "[No Variations]"
Add component (AddParameter): Name = "Supplier Part Number 4"; Value = "94T6493"; VariantName = "[No Variations]"
Add component (AddParameter): Name = "Supplier Part Number 5"; Value = "511-STM32F405VGT6"; VariantName = "[No Variations]"
Add component (AddParameter): Name = "Supply Voltage(Vcc) max (V)"; Value = "3.6"; VariantName = "[No Variations]"
Add component (AddParameter): Name = "Supply Voltage(Vcc) min (V)"; Value = "1.8"; VariantName = "[No Variations]"
Added Component: Designator=U2(QFN40P400X400X80-33N)
Add component. Clean all parameters for all variants
Added Component: Designator=U3(SOT-23-5)
Add component. Clean all parameters for all variants
Added Component: Designator=U4(SOP-8)
Add component. Clean all parameters for all variants
Added Component: Designator=X1(BCY-W2/E4.7)
Add component. Clean all parameters for all variants
Add component (AddParameter): Name = "Published"; Value = "8-Jun-2000"; VariantName = "[No Variations]"
Add component (AddParameter): Name = "Publisher"; Value = "Altium Limited"; VariantName = "[No Variations]"
Add component (AddParameter): Name = "Revision"; Value = "July-2002: Re-released for DXP Platform."; VariantName = "[No Variations]"
Added Pin To Net: NetName=Headphone_G Pin=C1-1
Added Pin To Net: NetName=3.3V Pin=C1-2
Added Pin To Net: NetName=Headphone_G Pin=C2-1
Added Pin To Net: NetName=3.3V Pin=C2-2
Added Pin To Net: NetName=Headphone_G Pin=C3-1
Added Pin To Net: NetName=3.3V Pin=C3-2
Added Pin To Net: NetName=Headphone_G Pin=C4-1
Added Pin To Net: NetName=NetC4_2 Pin=C4-2
Added Pin To Net: NetName=Headphone_G Pin=C5-1
Added Pin To Net: NetName=NetC4_2 Pin=C5-2
Added Pin To Net: NetName=NetC6_1 Pin=C6-1
Added Pin To Net: NetName=Headphone_L Pin=C6-2
Added Pin To Net: NetName=Headphone_G Pin=C7-1
Added Pin To Net: NetName=5V Pin=C7-2
Added Pin To Net: NetName=Headphone_G Pin=C8-1
Added Pin To Net: NetName=3.3V Pin=C8-2
Added Pin To Net: NetName=NetC9_1 Pin=C9-1
Added Pin To Net: NetName=Headphone_R Pin=C9-2
Added Pin To Net: NetName=NetC10_1 Pin=C10-1
Added Pin To Net: NetName=Headphone_G Pin=C10-2
Added Pin To Net: NetName=Headphone_G Pin=C11-1
Added Pin To Net: NetName=NetC11_2 Pin=C11-2
Added Pin To Net: NetName=NetC12_1 Pin=C12-1
Added Pin To Net: NetName=NetC12_2 Pin=C12-2
Added Pin To Net: NetName=Headphone_G Pin=C13-1
Added Pin To Net: NetName=MICBIAS Pin=C13-2
Added Pin To Net: NetName=Headphone_G Pin=C14-1
Added Pin To Net: NetName=NetC14_2 Pin=C14-2
Added Pin To Net: NetName=NetC15_1 Pin=C15-1
Added Pin To Net: NetName=Headphone_G Pin=C15-2
Added Pin To Net: NetName=NetC16_1 Pin=C16-1
Added Pin To Net: NetName=Headphone_G Pin=C16-2
Added Pin To Net: NetName=NetC17_1 Pin=C17-1
Added Pin To Net: NetName=Headphone_G Pin=C17-2
Added Pin To Net: NetName=Headphone_G Pin=C18-1
Added Pin To Net: NetName=NetC18_2 Pin=C18-2
Added Pin To Net: NetName=Headphone_G Pin=C19-1
Added Pin To Net: NetName=NetC18_2 Pin=C19-2
Added Pin To Net: NetName=Rot_Encoder_But Pin=C20-1
Added Pin To Net: NetName=Headphone_G Pin=C20-2
Added Pin To Net: NetName=Headphone_G Pin=C21-1
Added Pin To Net: NetName=3.3V Pin=C21-2
Added Pin To Net: NetName=Headphone_G Pin=C22-1
Added Pin To Net: NetName=3.3V Pin=C22-2
Added Pin To Net: NetName=Headphone_G Pin=C23-1
Added Pin To Net: NetName=3.3V Pin=C23-2
Added Pin To Net: NetName=Headphone_G Pin=C24-1
Added Pin To Net: NetName=3.3V Pin=C24-2
Added Pin To Net: NetName=Headphone_G Pin=C25-1
Added Pin To Net: NetName=3.3V Pin=C25-2
Added Pin To Net: NetName=Headphone_G Pin=C26-1
Added Pin To Net: NetName=3.3V Pin=C26-2
Added Pin To Net: NetName=Headphone_G Pin=C27-1
Added Pin To Net: NetName=3.3V Pin=C27-2
Added Pin To Net: NetName=Headphone_G Pin=C28-1
Added Pin To Net: NetName=3.3V Pin=C28-2
Added Pin To Net: NetName=Button_0 Pin=C29-1
Added Pin To Net: NetName=Headphone_G Pin=C29-2
Added Pin To Net: NetName=Button_2 Pin=C30-1
Added Pin To Net: NetName=Headphone_G Pin=C30-2
Added Pin To Net: NetName=Button_1 Pin=C31-1
Added Pin To Net: NetName=Headphone_G Pin=C31-2
Added Pin To Net: NetName=USB_DP Pin=CON1-D+
Added Pin To Net: NetName=USB_DM Pin=CON1-D-
Added Pin To Net: NetName=Headphone_G Pin=CON1-GND
Added Pin To Net: NetName=NetCON1_ID Pin=CON1-ID
Added Pin To Net: NetName=Headphone_G Pin=CON1-TAB
Added Pin To Net: NetName=Headphone_G Pin=CON1-TAB
Added Pin To Net: NetName=Headphone_G Pin=CON1-TAB
Added Pin To Net: NetName=Headphone_G Pin=CON1-TAB
Added Pin To Net: NetName=5V Pin=CON1-VBUS
Added Pin To Net: NetName=NetD1_1 Pin=D1-1
Added Pin To Net: NetName=Headphone_G Pin=D1-2
Added Pin To Net: NetName=NetD2_1 Pin=D2-1
Added Pin To Net: NetName=Headphone_G Pin=D2-2
Added Pin To Net: NetName=5V Pin=JP?-1
Added Pin To Net: NetName=5V Pin=JP?-1
Added Pin To Net: NetName=5V Pin=JP?-1
Added Pin To Net: NetName=SWCLK Pin=JP?-2
Added Pin To Net: NetName=UART1_TX Pin=JP?-2
Added Pin To Net: NetName=UART2_TX Pin=JP?-2
Added Pin To Net: NetName=SWDIO Pin=JP?-3
Added Pin To Net: NetName=UART1_RX Pin=JP?-3
Added Pin To Net: NetName=UART2_RX Pin=JP?-3
Added Pin To Net: NetName=Headphone_G Pin=JP?-4
Added Pin To Net: NetName=Headphone_G Pin=JP?-4
Added Pin To Net: NetName=Headphone_G Pin=JP?-4
Added Pin To Net: NetName=3.3V Pin=L1-1
Added Pin To Net: NetName=NetC4_2 Pin=L1-2
Added Pin To Net: NetName=NetLED0_1 Pin=LED0-1
Added Pin To Net: NetName=LED0 Pin=LED0-2
Added Pin To Net: NetName=NetLED1_1 Pin=LED1-1
Added Pin To Net: NetName=LED1 Pin=LED1-2
Added Pin To Net: NetName=NetLED2_1 Pin=LED2-1
Added Pin To Net: NetName=LED2 Pin=LED2-2
Added Pin To Net: NetName=Headphone_G Pin=P2-1
Added Pin To Net: NetName=Headphone_R Pin=P2-2
Added Pin To Net: NetName=Jack_detect Pin=P2-4
Added Pin To Net: NetName=Headphone_L Pin=P2-5
Added Pin To Net: NetName=Headphone_G Pin=P4-1
Added Pin To Net: NetName=LCD_RST Pin=P4-2
Added Pin To Net: NetName=FSMC_D15 Pin=P4-3
Added Pin To Net: NetName=FSMC_D14 Pin=P4-4
Added Pin To Net: NetName=FSMC_D13 Pin=P4-5
Added Pin To Net: NetName=FSMC_D12 Pin=P4-6
Added Pin To Net: NetName=FSMC_D11 Pin=P4-7
Added Pin To Net: NetName=FSMC_D10 Pin=P4-8
Added Pin To Net: NetName=FSMC_D9 Pin=P4-9
Added Pin To Net: NetName=FSMC_D8 Pin=P4-10
Added Pin To Net: NetName=FSMC_D7 Pin=P4-11
Added Pin To Net: NetName=FSMC_D6 Pin=P4-12
Added Pin To Net: NetName=FSMC_D5 Pin=P4-13
Added Pin To Net: NetName=FSMC_D4 Pin=P4-14
Added Pin To Net: NetName=FSMC_D3 Pin=P4-15
Added Pin To Net: NetName=FSMC_D2 Pin=P4-16
Added Pin To Net: NetName=FSMC_D1 Pin=P4-17
Added Pin To Net: NetName=FSMC_D0 Pin=P4-18
Added Pin To Net: NetName=FSMC_NOE Pin=P4-19
Added Pin To Net: NetName=FSMC_NWE Pin=P4-20
Added Pin To Net: NetName=FSMC_A16 Pin=P4-21
Added Pin To Net: NetName=FSMC_NE1 Pin=P4-22
Added Pin To Net: NetName=SPI1_SCK Pin=P4-23
Added Pin To Net: NetName=SPI1_CS Pin=P4-24
Added Pin To Net: NetName=SPI1_MISO Pin=P4-25
Added Pin To Net: NetName=SPI1_MOSI Pin=P4-26
Added Pin To Net: NetName=LCD_!PERIRQ Pin=P4-27
Added Pin To Net: NetName=LCD_BLK Pin=P4-28
Added Pin To Net: NetName=3.3V Pin=P4-31
Added Pin To Net: NetName=Headphone_G Pin=P4-32
Added Pin To Net: NetName=3.3V Pin=P5-1
Added Pin To Net: NetName=SDIO_D1 Pin=P5-2
Added Pin To Net: NetName=SDIO_D0 Pin=P5-3
Added Pin To Net: NetName=SDIO_CK Pin=P5-4
Added Pin To Net: NetName=SDIO_CMD Pin=P5-5
Added Pin To Net: NetName=SDIO_D3 Pin=P5-6
Added Pin To Net: NetName=SDIO_D2 Pin=P5-7
Added Pin To Net: NetName=Headphone_G Pin=P5-8
Added Pin To Net: NetName=NetP6_1 Pin=P6-1
Added Pin To Net: NetName=NetP6_2 Pin=P6-2
Added Pin To Net: NetName=Buzzer Pin=Q1-1
Added Pin To Net: NetName=Headphone_G Pin=Q1-2
Added Pin To Net: NetName=NetP6_2 Pin=Q1-3
Added Pin To Net: NetName=3.3V Pin=R1-1
Added Pin To Net: NetName=Jack_detect Pin=R1-2
Added Pin To Net: NetName=Headphone_G Pin=R2-1
Added Pin To Net: NetName=NetC6_1 Pin=R2-2
Added Pin To Net: NetName=Headphone_G Pin=R3-1
Added Pin To Net: NetName=Headphone_L Pin=R3-2
Added Pin To Net: NetName=Headphone_G Pin=R4-1
Added Pin To Net: NetName=NetC9_1 Pin=R4-2
Added Pin To Net: NetName=NetCON1_ID Pin=R8-1
Added Pin To Net: NetName=Headphone_G Pin=R8-2
Added Pin To Net: NetName=NetR14_1 Pin=R14-1
Added Pin To Net: NetName=Headphone_G Pin=R14-2
Added Pin To Net: NetName=NetP6_1 Pin=R15-1
Added Pin To Net: NetName=5V Pin=R15-2
Added Pin To Net: NetName=Rot_Encoder_TIM5_CH1 Pin=R16-1
Added Pin To Net: NetName=3.3V Pin=R16-2
Added Pin To Net: NetName=Headphone_G Pin=R17-1
Added Pin To Net: NetName=Buzzer Pin=R17-2
Added Pin To Net: NetName=3.3V Pin=R18-1
Added Pin To Net: NetName=Rot_Encoder_TIM5_CH1 Pin=R18-2
Added Pin To Net: NetName=3.3V Pin=R19-1
Added Pin To Net: NetName=NetD1_1 Pin=R19-2
Added Pin To Net: NetName=3.3V Pin=R20-1
Added Pin To Net: NetName=NetLED0_1 Pin=R20-2
Added Pin To Net: NetName=5V Pin=R21-1
Added Pin To Net: NetName=NetD2_1 Pin=R21-2
Added Pin To Net: NetName=3.3V Pin=R22-1
Added Pin To Net: NetName=NetLED1_1 Pin=R22-2
Added Pin To Net: NetName=3.3V Pin=R23-1
Added Pin To Net: NetName=NetLED2_1 Pin=R23-2
Added Pin To Net: NetName=Rot_Encoder_TIM5_CH1 Pin=S1-1
Added Pin To Net: NetName=Headphone_G Pin=S1-2
Added Pin To Net: NetName=Rot_Encoder_TIM5_CH1 Pin=S1-3
Added Pin To Net: NetName=Rot_Encoder_But Pin=S1-4
Added Pin To Net: NetName=Headphone_G Pin=S1-5
Added Pin To Net: NetName=NetC17_1 Pin=SW1-1
Added Pin To Net: NetName=Headphone_G Pin=SW1-2
Added Pin To Net: NetName=Headphone_G Pin=SW2-1
Added Pin To Net: NetName=Headphone_G Pin=SW2-1
Added Pin To Net: NetName=Button_0 Pin=SW2-2
Added Pin To Net: NetName=Button_0 Pin=SW2-2
Added Pin To Net: NetName=Headphone_G Pin=SW3-1
Added Pin To Net: NetName=Headphone_G Pin=SW3-1
Added Pin To Net: NetName=Button_2 Pin=SW3-2
Added Pin To Net: NetName=Button_2 Pin=SW3-2
Added Pin To Net: NetName=Headphone_G Pin=SW4-1
Added Pin To Net: NetName=Headphone_G Pin=SW4-1
Added Pin To Net: NetName=Button_1 Pin=SW4-2
Added Pin To Net: NetName=Button_1 Pin=SW4-2
Added Pin To Net: NetName=LED0 Pin=U1-1
Added Pin To Net: NetName=LED1 Pin=U1-2
Added Pin To Net: NetName=LED2 Pin=U1-3
Added Pin To Net: NetName=3.3V Pin=U1-6
Added Pin To Net: NetName=Headphone_G Pin=U1-10
Added Pin To Net: NetName=3.3V Pin=U1-11
Added Pin To Net: NetName=NetC15_1 Pin=U1-12
Added Pin To Net: NetName=NetC16_1 Pin=U1-13
Added Pin To Net: NetName=NetC17_1 Pin=U1-14
Added Pin To Net: NetName=3.3V Pin=U1-19
Added Pin To Net: NetName=Headphone_G Pin=U1-20
Added Pin To Net: NetName=3.3V Pin=U1-21
Added Pin To Net: NetName=3.3V Pin=U1-22
Added Pin To Net: NetName=Rot_Encoder_TIM5_CH1 Pin=U1-23
Added Pin To Net: NetName=Rot_Encoder_TIM5_CH1 Pin=U1-24
Added Pin To Net: NetName=UART2_TX Pin=U1-25
Added Pin To Net: NetName=UART2_RX Pin=U1-26
Added Pin To Net: NetName=Headphone_G Pin=U1-27
Added Pin To Net: NetName=3.3V Pin=U1-28
Added Pin To Net: NetName=CODEC_I2S3_WS Pin=U1-29
Added Pin To Net: NetName=SPI1_SCK Pin=U1-30
Added Pin To Net: NetName=SPI1_MISO Pin=U1-31
Added Pin To Net: NetName=SPI1_MOSI Pin=U1-32
Added Pin To Net: NetName=SPI1_CS Pin=U1-33
Added Pin To Net: NetName=Button_0 Pin=U1-35
Added Pin To Net: NetName=Button_1 Pin=U1-36
Added Pin To Net: NetName=Button_2 Pin=U1-37
Added Pin To Net: NetName=FSMC_D4 Pin=U1-38
Added Pin To Net: NetName=FSMC_D5 Pin=U1-39
Added Pin To Net: NetName=FSMC_D6 Pin=U1-40
Added Pin To Net: NetName=FSMC_D7 Pin=U1-41
Added Pin To Net: NetName=FSMC_D8 Pin=U1-42
Added Pin To Net: NetName=FSMC_D9 Pin=U1-43
Added Pin To Net: NetName=FSMC_D10 Pin=U1-44
Added Pin To Net: NetName=FSMC_D11 Pin=U1-45
Added Pin To Net: NetName=FSMC_D12 Pin=U1-46
Added Pin To Net: NetName=EEPROM_I2C2_SCL Pin=U1-47
Added Pin To Net: NetName=EEPROM_I2C2_SDA Pin=U1-48
Added Pin To Net: NetName=NetC18_2 Pin=U1-49
Added Pin To Net: NetName=3.3V Pin=U1-50
Added Pin To Net: NetName=USB_DM Pin=U1-53
Added Pin To Net: NetName=USB_DP Pin=U1-54
Added Pin To Net: NetName=FSMC_D13 Pin=U1-55
Added Pin To Net: NetName=FSMC_D14 Pin=U1-56
Added Pin To Net: NetName=FSMC_D15 Pin=U1-57
Added Pin To Net: NetName=FSMC_A16 Pin=U1-58
Added Pin To Net: NetName=FSMC_D0 Pin=U1-61
Added Pin To Net: NetName=FSMC_D1 Pin=U1-62
Added Pin To Net: NetName=CODEC_I2S3_MCK Pin=U1-64
Added Pin To Net: NetName=SDIO_D0 Pin=U1-65
Added Pin To Net: NetName=SDIO_D1 Pin=U1-66
Added Pin To Net: NetName=UART1_TX Pin=U1-68
Added Pin To Net: NetName=UART1_RX Pin=U1-69
Added Pin To Net: NetName=SWDIO Pin=U1-72
Added Pin To Net: NetName=NetC18_2 Pin=U1-73
Added Pin To Net: NetName=Headphone_G Pin=U1-74
Added Pin To Net: NetName=3.3V Pin=U1-75
Added Pin To Net: NetName=SWCLK Pin=U1-76
Added Pin To Net: NetName=SDIO_D2 Pin=U1-78
Added Pin To Net: NetName=SDIO_D3 Pin=U1-79
Added Pin To Net: NetName=SDIO_CK Pin=U1-80
Added Pin To Net: NetName=FSMC_D2 Pin=U1-81
Added Pin To Net: NetName=FSMC_D3 Pin=U1-82
Added Pin To Net: NetName=SDIO_CMD Pin=U1-83
Added Pin To Net: NetName=FSMC_NOE Pin=U1-85
Added Pin To Net: NetName=FSMC_NWE Pin=U1-86
Added Pin To Net: NetName=FSMC_NE1 Pin=U1-88
Added Pin To Net: NetName=CODEC_I2S3_CK Pin=U1-89
Added Pin To Net: NetName=CODEC_I2S3_ext_SD Pin=U1-90
Added Pin To Net: NetName=CODEC_I2S3_SD Pin=U1-91
Added Pin To Net: NetName=CODEC_I2C1_SCL Pin=U1-92
Added Pin To Net: NetName=CODEC_I2C1_SDA Pin=U1-93
Added Pin To Net: NetName=NetR14_1 Pin=U1-94
Added Pin To Net: NetName=Headphone_G Pin=U1-99
Added Pin To Net: NetName=3.3V Pin=U1-100
Added Pin To Net: NetName=Jack_detect Pin=U2-1
Added Pin To Net: NetName=CODEC_I2C1_SCL Pin=U2-2
Added Pin To Net: NetName=CODEC_I2C1_SDA Pin=U2-3
Added Pin To Net: NetName=3.3V Pin=U2-4
Added Pin To Net: NetName=Headphone_G Pin=U2-5
Added Pin To Net: NetName=3.3V Pin=U2-6
Added Pin To Net: NetName=NetC4_2 Pin=U2-7
Added Pin To Net: NetName=NetC12_1 Pin=U2-8
Added Pin To Net: NetName=Headphone_G Pin=U2-9
Added Pin To Net: NetName=NetC12_2 Pin=U2-10
Added Pin To Net: NetName=NetC11_2 Pin=U2-11
Added Pin To Net: NetName=NetC10_1 Pin=U2-12
Added Pin To Net: NetName=Headphone_L Pin=U2-13
Added Pin To Net: NetName=Headphone_G Pin=U2-14
Added Pin To Net: NetName=Headphone_R Pin=U2-15
Added Pin To Net: NetName=LINEOUT_L Pin=U2-16
Added Pin To Net: NetName=LINEOUT_GND Pin=U2-17
Added Pin To Net: NetName=LINEOUT_R Pin=U2-18
Added Pin To Net: NetName=3.3V Pin=U2-19
Added Pin To Net: NetName=NetC14_2 Pin=U2-20
Added Pin To Net: NetName=MICBIAS Pin=U2-21
Added Pin To Net: NetName=Headphone_G Pin=U2-22
Added Pin To Net: NetName=NetC4_2 Pin=U2-23
Added Pin To Net: NetName=CODEC_I2S3_MCK Pin=U2-28
Added Pin To Net: NetName=CODEC_I2S3_CK Pin=U2-29
Added Pin To Net: NetName=CODEC_I2S3_WS Pin=U2-30
Added Pin To Net: NetName=CODEC_I2S3_ext_SD Pin=U2-31
Added Pin To Net: NetName=CODEC_I2S3_SD Pin=U2-32
Added Pin To Net: NetName=Headphone_G Pin=U2-33
Added Pin To Net: NetName=5V Pin=U3-1
Added Pin To Net: NetName=Headphone_G Pin=U3-2
Added Pin To Net: NetName=5V Pin=U3-3
Added Pin To Net: NetName=3.3V Pin=U3-5
Added Pin To Net: NetName=EEPROM_I2C2_SCL Pin=U4-2
Added Pin To Net: NetName=EEPROM_Write_Protect Pin=U4-3
Added Pin To Net: NetName=Headphone_G Pin=U4-4
Added Pin To Net: NetName=Headphone_G Pin=U4-6
Added Pin To Net: NetName=Headphone_G Pin=U4-7
Added Pin To Net: NetName=NetC16_1 Pin=X1-1
Added Pin To Net: NetName=NetC15_1 Pin=X1-2
Added Member To Class: ClassName=ELEC3300_DAP Member=Component C1 100nF
Added Member To Class: ClassName=ELEC3300_DAP Member=Component C2 100nF
Added Member To Class: ClassName=ELEC3300_DAP Member=Component C3 100nF
Added Member To Class: ClassName=ELEC3300_DAP Member=Component C4 4.7uF
Added Member To Class: ClassName=ELEC3300_DAP Member=Component C5 4.7uF
Added Member To Class: ClassName=ELEC3300_DAP Member=Component C6 100nF
Added Member To Class: ClassName=ELEC3300_DAP Member=Component C7 1uF
Added Member To Class: ClassName=ELEC3300_DAP Member=Component C8 1uF
Added Member To Class: ClassName=ELEC3300_DAP Member=Component C9 100nF
Added Member To Class: ClassName=ELEC3300_DAP Member=Component C10 2.2uF
Added Member To Class: ClassName=ELEC3300_DAP Member=Component C11 2.2uF
Added Member To Class: ClassName=ELEC3300_DAP Member=Component C12 2.2uF
Added Member To Class: ClassName=ELEC3300_DAP Member=Component C13 4.7uF
Added Member To Class: ClassName=ELEC3300_DAP Member=Component C14 4.7uF
Added Member To Class: ClassName=ELEC3300_DAP Member=Component C15 20pF
Added Member To Class: ClassName=ELEC3300_DAP Member=Component C16 20pF
Added Member To Class: ClassName=ELEC3300_DAP Member=Component C17 100nF
Added Member To Class: ClassName=ELEC3300_DAP Member=Component C18 2.2uF
Added Member To Class: ClassName=ELEC3300_DAP Member=Component C19 2.2uF
Added Member To Class: ClassName=ELEC3300_DAP Member=Component C20 100nF
Added Member To Class: ClassName=ELEC3300_DAP Member=Component C21 1uF
Added Member To Class: ClassName=ELEC3300_DAP Member=Component C22 100nF
Added Member To Class: ClassName=ELEC3300_DAP Member=Component C23 100nF
Added Member To Class: ClassName=ELEC3300_DAP Member=Component C24 100nF
Added Member To Class: ClassName=ELEC3300_DAP Member=Component C25 100nF
Added Member To Class: ClassName=ELEC3300_DAP Member=Component C26 100nF
Added Member To Class: ClassName=ELEC3300_DAP Member=Component C27 100nF
Added Member To Class: ClassName=ELEC3300_DAP Member=Component C28 100nF
Added Member To Class: ClassName=ELEC3300_DAP Member=Component C29 100nF
Added Member To Class: ClassName=ELEC3300_DAP Member=Component C30 100nF
Added Member To Class: ClassName=ELEC3300_DAP Member=Component C31 100nF
Added Member To Class: ClassName=ELEC3300_DAP Member=Component CON1 USB
Added Member To Class: ClassName=ELEC3300_DAP Member=Component D1 LED
Added Member To Class: ClassName=ELEC3300_DAP Member=Component D2 LED
Added Member To Class: ClassName=ELEC3300_DAP Member=Component JP? CONN0M
Added Member To Class: ClassName=ELEC3300_DAP Member=Component JP? CONN0M
Added Member To Class: ClassName=ELEC3300_DAP Member=Component JP? CONN0M
Added Member To Class: ClassName=ELEC3300_DAP Member=Component L1 10uH
Added Member To Class: ClassName=ELEC3300_DAP Member=Component LED0 LED
Added Member To Class: ClassName=ELEC3300_DAP Member=Component LED1 LED
Added Member To Class: ClassName=ELEC3300_DAP Member=Component LED2 LED
Added Member To Class: ClassName=ELEC3300_DAP Member=Component P2 3.5mm Audio Jack
Added Member To Class: ClassName=ELEC3300_DAP Member=Component P4 Header 16x2
Added Member To Class: ClassName=ELEC3300_DAP Member=Component P5 Header 8
Added Member To Class: ClassName=ELEC3300_DAP Member=Component P6 Buzzer
Added Member To Class: ClassName=ELEC3300_DAP Member=Component Q1 AO3400
Added Member To Class: ClassName=ELEC3300_DAP Member=Component R1 10k
Added Member To Class: ClassName=ELEC3300_DAP Member=Component R2 10k
Added Member To Class: ClassName=ELEC3300_DAP Member=Component R3 100k
Added Member To Class: ClassName=ELEC3300_DAP Member=Component R4 10k
Added Member To Class: ClassName=ELEC3300_DAP Member=Component R8 10k
Added Member To Class: ClassName=ELEC3300_DAP Member=Component R14 10k
Added Member To Class: ClassName=ELEC3300_DAP Member=Component R15 33R
Added Member To Class: ClassName=ELEC3300_DAP Member=Component R16 10k
Added Member To Class: ClassName=ELEC3300_DAP Member=Component R17 10k
Added Member To Class: ClassName=ELEC3300_DAP Member=Component R18 10k
Added Member To Class: ClassName=ELEC3300_DAP Member=Component R19 2k
Added Member To Class: ClassName=ELEC3300_DAP Member=Component R20 2k
Added Member To Class: ClassName=ELEC3300_DAP Member=Component R21 5k
Added Member To Class: ClassName=ELEC3300_DAP Member=Component R22 2k
Added Member To Class: ClassName=ELEC3300_DAP Member=Component R23 2k
Added Member To Class: ClassName=ELEC3300_DAP Member=Component S1 EC11B15242AE
Added Member To Class: ClassName=ELEC3300_DAP Member=Component SW1 RESET
Added Member To Class: ClassName=ELEC3300_DAP Member=Component SW2 RESET
Added Member To Class: ClassName=ELEC3300_DAP Member=Component SW3 RESET
Added Member To Class: ClassName=ELEC3300_DAP Member=Component SW4 RESET
Added Member To Class: ClassName=ELEC3300_DAP Member=Component U1 STM32F405VGT6
Added Member To Class: ClassName=ELEC3300_DAP Member=Component U2 WM8918
Added Member To Class: ClassName=ELEC3300_DAP Member=Component U3 LP5907
Added Member To Class: ClassName=ELEC3300_DAP Member=Component U4 AT24C02BN
Added Member To Class: ClassName=ELEC3300_DAP Member=Component X1 8MHz
