Removed Pin From Net: NetName=UART1_RX Pin=JP1-1
Removed Pin From Net: NetName=UART1_RX Pin=JP1-2
Removed Pin From Net: NetName=UART1_RX Pin=JP1-4
Removed Pin From Net: NetName=SWDIO Pin=JP3-1
Removed Pin From Net: NetName=SWDIO Pin=JP3-2
Removed Pin From Net: NetName=SWDIO Pin=JP3-4
Change Component Designator: OldDesignator=JP1 NewDesignator=JP3
Change Component Designator: OldDesignator=JP3 NewDesignator=JP1
Change Component Designator: OldDesignator=LED0 NewDesignator=LED1
Change Component Designator: OldDesignator=LED1 NewDesignator=LED2
Change Component Designator: OldDesignator=LED2 NewDesignator=LED3
Change Component Designator: OldDesignator=R5 NewDesignator=R7
Change Component Designator: OldDesignator=R6 NewDesignator=R10
Change Component Designator: OldDesignator=R7 NewDesignator=R11
Change Component Designator: OldDesignator=R8 NewDesignator=R12
Change Component Designator: OldDesignator=R9 NewDesignator=R13
Change Component Designator: OldDesignator=R10 NewDesignator=R14
Change Component Designator: OldDesignator=R11 NewDesignator=R15
Change Component Designator: OldDesignator=R12 NewDesignator=R16
Change Component Designator: OldDesignator=R13 NewDesignator=R17
Change Component Designator: OldDesignator=R14 NewDesignator=R18
Change Component Designator: OldDesignator=R15 NewDesignator=R19
Change Component Designator: OldDesignator=R16 NewDesignator=R5
Change Component Designator: OldDesignator=R17 NewDesignator=R6
Change Component Designator: OldDesignator=R18 NewDesignator=R8
Change Component Designator: OldDesignator=R19 NewDesignator=R9
Added Pin To Net: NetName=5V Pin=JP1-1
Added Pin To Net: NetName=SWCLK Pin=JP1-2
Added Pin To Net: NetName=GND Pin=JP1-4
Added Pin To Net: NetName=5V Pin=JP3-1
Added Pin To Net: NetName=UART1_TX Pin=JP3-2
Added Pin To Net: NetName=GND Pin=JP3-4
Change Net Name : Old Net Name=NetLED0_2 New Net Name=NetLED1_2
Change Net Name : Old Net Name=NetLED1_2 New Net Name=NetLED2_2
Change Net Name : Old Net Name=NetLED2_2 New Net Name=NetLED3_2
Change Net Name : Old Net Name=NetR6_1 New Net Name=NetR10_1
