Change Component Designator: OldDesignator=LED1 NewDesignator=LED0
Change Component Designator: OldDesignator=LED2 NewDesignator=LED1
Change Component Designator: OldDesignator=LED3 NewDesignator=LED2
Change Net Name : Old Net Name=NetLED1_1 New Net Name=NetLED0_1
Change Net Name : Old Net Name=NetLED2_1 New Net Name=NetLED1_1
Change Net Name : Old Net Name=NetLED3_1 New Net Name=NetLED2_1
Added Member To Class: ClassName=ELEC3300_DAP Member=Component C1 100nF
Added Member To Class: ClassName=ELEC3300_DAP Member=Component C2 100nF
Added Member To Class: ClassName=ELEC3300_DAP Member=Component C3 100nF
Added Member To Class: ClassName=ELEC3300_DAP Member=Component C4 4.7uF
Added Member To Class: ClassName=ELEC3300_DAP Member=Component C5 4.7uF
Added Member To Class: ClassName=ELEC3300_DAP Member=Component C6 100nF
Added Member To Class: ClassName=ELEC3300_DAP Member=Component C7 1uF
Added Member To Class: ClassName=ELEC3300_DAP Member=Component C8 1uF
Added Member To Class: ClassName=ELEC3300_DAP Member=Component C9 100nF
Added Member To Class: ClassName=ELEC3300_DAP Member=Component C10 2.2uF
Added Member To Class: ClassName=ELEC3300_DAP Member=Component C11 2.2uF
Added Member To Class: ClassName=ELEC3300_DAP Member=Component C12 2.2uF
Added Member To Class: ClassName=ELEC3300_DAP Member=Component C13 4.7uF
Added Member To Class: ClassName=ELEC3300_DAP Member=Component C14 4.7uF
Added Member To Class: ClassName=ELEC3300_DAP Member=Component C15 20pF
Added Member To Class: ClassName=ELEC3300_DAP Member=Component C16 20pF
Added Member To Class: ClassName=ELEC3300_DAP Member=Component C17 100nF
Added Member To Class: ClassName=ELEC3300_DAP Member=Component C18 2.2uF
Added Member To Class: ClassName=ELEC3300_DAP Member=Component C19 2.2uF
Added Member To Class: ClassName=ELEC3300_DAP Member=Component C20 100nF
Added Member To Class: ClassName=ELEC3300_DAP Member=Component C21 1uF
Added Member To Class: ClassName=ELEC3300_DAP Member=Component C22 100nF
Added Member To Class: ClassName=ELEC3300_DAP Member=Component C23 100nF
Added Member To Class: ClassName=ELEC3300_DAP Member=Component C24 100nF
Added Member To Class: ClassName=ELEC3300_DAP Member=Component C25 100nF
Added Member To Class: ClassName=ELEC3300_DAP Member=Component C26 100nF
Added Member To Class: ClassName=ELEC3300_DAP Member=Component C27 100nF
Added Member To Class: ClassName=ELEC3300_DAP Member=Component C28 100nF
Added Member To Class: ClassName=ELEC3300_DAP Member=Component C29 100nF
Added Member To Class: ClassName=ELEC3300_DAP Member=Component C30 100nF
Added Member To Class: ClassName=ELEC3300_DAP Member=Component C31 100nF
Added Member To Class: ClassName=ELEC3300_DAP Member=Component CON1 USB
Added Member To Class: ClassName=ELEC3300_DAP Member=Component D1 LED
Added Member To Class: ClassName=ELEC3300_DAP Member=Component D2 LED
Added Member To Class: ClassName=ELEC3300_DAP Member=Component JP1 CONN0M
Added Member To Class: ClassName=ELEC3300_DAP Member=Component JP2 CONN0M
Added Member To Class: ClassName=ELEC3300_DAP Member=Component JP3 CONN0M
Added Member To Class: ClassName=ELEC3300_DAP Member=Component L1 10uH
Added Member To Class: ClassName=ELEC3300_DAP Member=Component LED0 LED
Added Member To Class: ClassName=ELEC3300_DAP Member=Component LED1 LED
Added Member To Class: ClassName=ELEC3300_DAP Member=Component LED2 LED
Added Member To Class: ClassName=ELEC3300_DAP Member=Component P1 3.5mm Audio Jack
Added Member To Class: ClassName=ELEC3300_DAP Member=Component P2 Header 16x2
Added Member To Class: ClassName=ELEC3300_DAP Member=Component P3 Header 8
Added Member To Class: ClassName=ELEC3300_DAP Member=Component P4 Buzzer
Added Member To Class: ClassName=ELEC3300_DAP Member=Component Q1 AO3400
Added Member To Class: ClassName=ELEC3300_DAP Member=Component R1 10k
Added Member To Class: ClassName=ELEC3300_DAP Member=Component R2 10k
Added Member To Class: ClassName=ELEC3300_DAP Member=Component R3 100k
Added Member To Class: ClassName=ELEC3300_DAP Member=Component R4 10k
Added Member To Class: ClassName=ELEC3300_DAP Member=Component R5 10k
Added Member To Class: ClassName=ELEC3300_DAP Member=Component R6 10k
Added Member To Class: ClassName=ELEC3300_DAP Member=Component R7 33R
Added Member To Class: ClassName=ELEC3300_DAP Member=Component R8 10k
Added Member To Class: ClassName=ELEC3300_DAP Member=Component R9 10k
Added Member To Class: ClassName=ELEC3300_DAP Member=Component R10 10k
Added Member To Class: ClassName=ELEC3300_DAP Member=Component R11 2k
Added Member To Class: ClassName=ELEC3300_DAP Member=Component R12 2k
Added Member To Class: ClassName=ELEC3300_DAP Member=Component R13 5k
Added Member To Class: ClassName=ELEC3300_DAP Member=Component R14 2k
Added Member To Class: ClassName=ELEC3300_DAP Member=Component R15 2k
Added Member To Class: ClassName=ELEC3300_DAP Member=Component S1 EC11B15242AE
Added Member To Class: ClassName=ELEC3300_DAP Member=Component SW1 RESET
Added Member To Class: ClassName=ELEC3300_DAP Member=Component SW2 RESET
Added Member To Class: ClassName=ELEC3300_DAP Member=Component SW3 RESET
Added Member To Class: ClassName=ELEC3300_DAP Member=Component SW4 RESET
Added Member To Class: ClassName=ELEC3300_DAP Member=Component U1 STM32F407VET6
Added Member To Class: ClassName=ELEC3300_DAP Member=Component U2 WM8918
Added Member To Class: ClassName=ELEC3300_DAP Member=Component U3 LP5907
Added Member To Class: ClassName=ELEC3300_DAP Member=Component U4 AT24C02BN
Added Member To Class: ClassName=ELEC3300_DAP Member=Component X1 8MHz
